{"id":"err-01","name":"typescript-type-error","category":"error-detection","context":{"screen":[{"id":1,"type":"text","ts":1706900000000,"ocr":"TypeError: Cannot read properties of undefined (reading 'map')\n  at UserList (src/components/UserList.tsx:42:18)\n  at renderWithHooks (node_modules/react-dom/cjs/react-dom.development.js:14985:18)","meta":{"ssim":0.85,"app":"VS Code","screen":0},"receivedAt":1706900000100}],"audio":[],"currentApp":"VS Code","appHistory":[{"app":"VS Code","ts":1706900000000}]},"expectations":{"digestShouldContain":["error","TypeError","UserList"],"shouldEscalate":true,"escalationScoreMin":3}}
{"id":"err-02","name":"python-traceback","category":"error-detection","context":{"screen":[{"id":1,"type":"text","ts":1706900000000,"ocr":"Traceback (most recent call last):\n  File \"app.py\", line 42, in main\n    result = process_data(input_file)\n  File \"processor.py\", line 18, in process_data\n    return json.loads(raw)\njson.decoder.JSONDecodeError: Expecting value: line 1 column 1","meta":{"ssim":0.82,"app":"iTerm2","screen":0},"receivedAt":1706900000100}],"audio":[],"currentApp":"iTerm2","appHistory":[{"app":"iTerm2","ts":1706900000000}]},"expectations":{"digestShouldContain":["traceback","error","JSON"],"shouldEscalate":true,"escalationScoreMin":3}}
{"id":"err-03","name":"build-failure","category":"error-detection","context":{"screen":[{"id":1,"type":"text","ts":1706900000000,"ocr":"npm ERR! code ELIFECYCLE\nnpm ERR! errno 1\nnpm ERR! sinain-core@1.0.0 build: `tsc`\nnpm ERR! Exit status 1\nnpm ERR! Failed at the sinain-core@1.0.0 build script.","meta":{"ssim":0.88,"app":"Terminal","screen":0},"receivedAt":1706900000100}],"audio":[],"currentApp":"Terminal","appHistory":[{"app":"Terminal","ts":1706900000000}]},"expectations":{"digestShouldContain":["failed","build","error"],"shouldEscalate":true,"escalationScoreMin":3}}
{"id":"err-04","name":"enoent-error","category":"error-detection","context":{"screen":[{"id":1,"type":"text","ts":1706900000000,"ocr":"Error: ENOENT: no such file or directory, open '/Users/dev/project/config.json'\n  at Object.openSync (node:fs:603:3)\n  at readFileSync (node:fs:471:35)","meta":{"ssim":0.87,"app":"Terminal","screen":0},"receivedAt":1706900000100}],"audio":[],"currentApp":"Terminal","appHistory":[{"app":"Terminal","ts":1706900000000}]},"expectations":{"digestShouldContain":["ENOENT","config.json"],"shouldEscalate":true,"escalationScoreMin":3}}
{"id":"err-05","name":"rust-panic","category":"error-detection","context":{"screen":[{"id":1,"type":"text","ts":1706900000000,"ocr":"thread 'main' panicked at 'index out of bounds: the len is 3 but the index is 5', src/parser.rs:127:14\nnote: run with `RUST_BACKTRACE=1` environment variable to display a backtrace","meta":{"ssim":0.84,"app":"iTerm2","screen":0},"receivedAt":1706900000100}],"audio":[],"currentApp":"iTerm2","appHistory":[{"app":"iTerm2","ts":1706900000000}]},"expectations":{"digestShouldContain":["panic","index","parser"],"shouldEscalate":true,"escalationScoreMin":3}}
{"id":"err-06","name":"segfault-crash","category":"error-detection","context":{"screen":[{"id":1,"type":"text","ts":1706900000000,"ocr":"Segmentation fault (core dumped)\nProcess exited with code 139","meta":{"ssim":0.9,"app":"Terminal","screen":0},"receivedAt":1706900000100}],"audio":[],"currentApp":"Terminal","appHistory":[{"app":"Terminal","ts":1706900000000}]},"expectations":{"digestShouldContain":["segfault","crash"],"shouldEscalate":true,"escalationScoreMin":3}}
{"id":"err-07","name":"react-render-error","category":"error-detection","context":{"screen":[{"id":1,"type":"text","ts":1706900000000,"ocr":"Uncaught Error: Rendered more hooks than during the previous render.\n  at renderWithHooks (react-dom.development.js:14906)\n  at updateFunctionComponent (react-dom.development.js:17587)","meta":{"ssim":0.83,"app":"Chrome","screen":0},"receivedAt":1706900000100}],"audio":[],"currentApp":"Chrome","appHistory":[{"app":"Chrome","ts":1706900000000}]},"expectations":{"digestShouldContain":["error","hooks","render"],"shouldEscalate":true,"escalationScoreMin":3}}
{"id":"err-08","name":"docker-exit-code","category":"error-detection","context":{"screen":[{"id":1,"type":"text","ts":1706900000000,"ocr":"ERROR: for web  Container exited with code 137\nERROR: Encountered errors while bringing up the project.\ndocker compose up failed","meta":{"ssim":0.86,"app":"Terminal","screen":0},"receivedAt":1706900000100}],"audio":[],"currentApp":"Terminal","appHistory":[{"app":"Terminal","ts":1706900000000}]},"expectations":{"digestShouldContain":["error","exit code","docker"],"shouldEscalate":true,"escalationScoreMin":3}}
{"id":"err-09","name":"java-null-pointer","category":"error-detection","context":{"screen":[{"id":1,"type":"text","ts":1706900000000,"ocr":"Exception in thread \"main\" java.lang.NullPointerException\n  at com.example.App.processRequest(App.java:87)\n  at com.example.App.main(App.java:23)","meta":{"ssim":0.85,"app":"IntelliJ IDEA","screen":0},"receivedAt":1706900000100}],"audio":[],"currentApp":"IntelliJ IDEA","appHistory":[{"app":"IntelliJ IDEA","ts":1706900000000}]},"expectations":{"digestShouldContain":["exception","NullPointer"],"shouldEscalate":true,"escalationScoreMin":3}}
{"id":"err-10","name":"syntax-error-python","category":"error-detection","context":{"screen":[{"id":1,"type":"text","ts":1706900000000,"ocr":"  File \"main.py\", line 42\n    if x = 5:\n         ^\nSyntaxError: invalid syntax","meta":{"ssim":0.87,"app":"VS Code","screen":0},"receivedAt":1706900000100}],"audio":[],"currentApp":"VS Code","appHistory":[{"app":"VS Code","ts":1706900000000}]},"expectations":{"digestShouldContain":["SyntaxError","syntax"],"shouldEscalate":true,"escalationScoreMin":3}}
